[1/11] Processing file /home/dae/work/Voix/src/authenticator.cpp.
45 warnings generated.
[2/11] Processing file /home/dae/work/Voix/src/command.cpp.
92 warnings generated.
[3/11] Processing file /home/dae/work/Voix/src/config.cpp.
142 warnings generated.
[4/11] Processing file /home/dae/work/Voix/src/file_utils.cpp.
190 warnings generated.
[5/11] Processing file /home/dae/work/Voix/src/logger.cpp.
224 warnings generated.
[6/11] Processing file /home/dae/work/Voix/src/main.cpp.
270 warnings generated.
[7/11] Processing file /home/dae/work/Voix/src/pam_utils.cpp.
314 warnings generated.
[8/11] Processing file /home/dae/work/Voix/src/permission_checker.cpp.
347 warnings generated.
[9/11] Processing file /home/dae/work/Voix/src/security.cpp.
395 warnings generated.
[10/11] Processing file /home/dae/work/Voix/src/system_utils.cpp.
423 warnings generated.
[11/11] Processing file /home/dae/work/Voix/src/voix.cpp.
469 warnings generated.
/home/dae/work/Voix/include/file_utils.h:22:12: warning: enum 'FileError' uses a larger base type ('int', size: 4 bytes) than necessary for its value set, consider using 'std::uint8_t' (1 byte) as the base type to reduce its size [performance-enum-size]
   22 | enum class FileError {
      |            ^
/home/dae/work/Voix/include/rule.h:22:10: warning: enum 'Action' uses a larger base type ('unsigned int', size: 4 bytes) than necessary for its value set, consider using 'std::uint8_t' (1 byte) as the base type to reduce its size [performance-enum-size]
   22 |     enum Action { PERMIT, DENY };
      |          ^
/home/dae/work/Voix/include/rule.h:23:10: warning: enum 'Option' uses a larger base type ('unsigned int', size: 4 bytes) than necessary for its value set, consider using 'std::uint8_t' (1 byte) as the base type to reduce its size [performance-enum-size]
   23 |     enum Option {
      |          ^
/home/dae/work/Voix/include/security.h:23:5: warning: class 'Security' can be made trivially destructible by defaulting the destructor on its first declaration [performance-trivially-destructible]
   23 |     ~Security();
      |     ^          
      |                 = default
/home/dae/work/Voix/src/security.cpp:25:11: note: destructor definition is here
   25 | Security::~Security() = default;
      |           ^
/home/dae/work/Voix/src/command.cpp:105:20: warning: narrowing conversion from 'long' to signed type 'int' is implementation-defined [bugprone-narrowing-conversions]
  105 |       int max_fd = sysconf(_SC_OPEN_MAX);
      |                    ^
/home/dae/work/Voix/src/main.cpp:51:5: warning: an exception may be thrown in function 'main' which should not throw exceptions [bugprone-exception-escape]
   51 | int main(int argc, char* argv[]) {
      |     ^
/usr/bin/../lib64/gcc/x86_64-pc-linux-gnu/15.2.1/../../../../include/c++/15.2.1/format:236:5: note: frame #0: unhandled exception of type 'format_error' may be thrown in function '__throw_format_error' here
  236 |   { _GLIBCXX_THROW_OR_ABORT(format_error(__what)); }
      |     ^
/usr/bin/../lib64/gcc/x86_64-pc-linux-gnu/15.2.1/../../../../include/c++/15.2.1/x86_64-pc-linux-gnu/bits/c++config.h:262:42: note: expanded from macro '_GLIBCXX_THROW_OR_ABORT'
  262 | #  define _GLIBCXX_THROW_OR_ABORT(_EXC) (throw (_EXC))
      |                                          ^
/usr/bin/../lib64/gcc/x86_64-pc-linux-gnu/15.2.1/../../../../include/c++/15.2.1/format:255:5: note: frame #1: function '__conflicting_indexing_in_format_string' calls function '__throw_format_error' here
  255 |   { __throw_format_error("format error: conflicting indexing style in format string"); }
      |     ^
/usr/bin/../lib64/gcc/x86_64-pc-linux-gnu/15.2.1/../../../../include/c++/15.2.1/format:306:4: note: frame #2: function 'next_arg_id' calls function '__conflicting_indexing_in_format_string' here
  306 |           __format::__conflicting_indexing_in_format_string();
      |           ^
/usr/bin/../lib64/gcc/x86_64-pc-linux-gnu/15.2.1/../../../../include/c++/15.2.1/format:4470:20: note: frame #3: function '_M_scan' calls function 'next_arg_id' here
 4470 |             _M_format_arg(_M_pc.next_arg_id());
      |                           ^
/usr/bin/../lib64/gcc/x86_64-pc-linux-gnu/15.2.1/../../../../include/c++/15.2.1/format:4761:7: note: frame #4: function '__do_vformat_to<std::__format::_Sink_iter<char>, char, std::basic_format_context<std::__format::_Sink_iter<char>, char>>' calls function '_M_scan' here
 4761 |       __scanner._M_scan();
      |       ^
/usr/bin/../lib64/gcc/x86_64-pc-linux-gnu/15.2.1/../../../../include/c++/15.2.1/format:4819:14: note: frame #5: function 'vformat_to<std::__format::_Sink_iter<char>>' calls function '__do_vformat_to<std::__format::_Sink_iter<char>, char, std::basic_format_context<std::__format::_Sink_iter<char>, char>>' here
 4819 |     { return __format::__do_vformat_to(std::move(__out), __fmt, __args); }
      |              ^
/usr/bin/../lib64/gcc/x86_64-pc-linux-gnu/15.2.1/../../../../include/c++/15.2.1/print:60:5: note: frame #6: function 'vprint_nonunicode' calls function 'vformat_to<std::__format::_Sink_iter<char>>' here
   60 |     std::vformat_to(__buf.out(), __fmt, __args);
      |     ^
/usr/bin/../lib64/gcc/x86_64-pc-linux-gnu/15.2.1/../../../../include/c++/15.2.1/print:72:5: note: frame #7: function 'vprint_unicode' calls function 'vprint_nonunicode' here
   72 |     std::vprint_nonunicode(__stream, __fmt, __args);
      |     ^
/usr/bin/../lib64/gcc/x86_64-pc-linux-gnu/15.2.1/../../../../include/c++/15.2.1/print:110:2: note: frame #8: function 'print<>' calls function 'vprint_unicode' here
  110 |         std::vprint_unicode(__stream, __fmt.get(), __fmtargs);
      |         ^
/usr/bin/../lib64/gcc/x86_64-pc-linux-gnu/15.2.1/../../../../include/c++/15.2.1/print:118:7: note: frame #9: function 'print<>' calls function 'print<>' here
  118 |     { std::print(stdout, __fmt, std::forward<_Args>(__args)...); }
      |       ^
/home/dae/work/Voix/src/main.cpp:30:5: note: frame #10: function 'printUsage' calls function 'print<>' here
   30 |     std::print("Usage: voix [options] <incantation> [args...]\n\n"
      |     ^
/home/dae/work/Voix/src/main.cpp:53:9: note: frame #11: function 'main' calls function 'printUsage' here
   53 |         printUsage();
      |         ^
/home/dae/work/Voix/src/permission_checker.cpp:46:79: warning: 2 adjacent parameters of 'matchRule' of convertible types are easily swapped by mistake [bugprone-easily-swappable-parameters]
   46 | bool PermissionChecker::matchRule(const Rule &rule, uid_t uid, gid_t *groups, int ngroups,
      |                                                                               ^~~~~~~~~~~~
   47 |                                     uid_t target_uid, std::string_view command,
      |                                     ~~~~~~~~~~~~~~~~
/home/dae/work/Voix/src/permission_checker.cpp:46:83: note: the first parameter in the range is 'ngroups'
   46 | bool PermissionChecker::matchRule(const Rule &rule, uid_t uid, gid_t *groups, int ngroups,
      |                                                                                   ^~~~~~~
/home/dae/work/Voix/src/permission_checker.cpp:47:43: note: the last parameter in the range is 'target_uid'
   47 |                                     uid_t target_uid, std::string_view command,
      |                                           ^~~~~~~~~~
/home/dae/work/Voix/src/permission_checker.cpp:46:79: note: 
   46 | bool PermissionChecker::matchRule(const Rule &rule, uid_t uid, gid_t *groups, int ngroups,
      |                                                                               ^
/home/dae/work/Voix/src/permission_checker.cpp:47:37: note: 'int' and 'uid_t' may be implicitly converted: 'int' -> 'uid_t' (as 'unsigned int'), 'uid_t' (as 'unsigned int') -> 'int'
   47 |                                     uid_t target_uid, std::string_view command,
      |                                     ^
Suppressed 451 warnings (451 in non-user code).
Use -header-filter=.* or leave it as default to display errors from all non-system headers. Use -system-headers to display errors from system headers as well.
